Listening for transport dt_socket at address: 8000
21:24:03,130 INFO  ~ Starting /home/kwebb/workspace-3.7/cebu-taxi/cebu-server
21:24:03,859 WARN  ~ You're running Play! in DEV mode
21:24:04,043 INFO  ~ Listening for HTTP on port 9001 (Waiting a first request to start) ...
21:24:16,722 INFO  ~ Connected to jdbc:postgresql://127.0.0.1/cebu
21:24:17,782 INFO  ~ Initializing HBSpatialExtension
21:24:17,785 INFO  ~ Attempting to load Hibernate Spatial Provider org.hibernatespatial.postgis.DialectProvider
21:24:17,789 INFO  ~ Checking for default configuration file.
21:24:17,792 INFO  ~ No configuration file hibernate-spatial.cfg.xml on the classpath.
21:24:18,666 INFO  ~ Application 'cebu-server' is now started !
21:24:19,052 INFO  ~ 7 Oct 2012 01:23:40 GMT
21:24:19,101 INFO  ~ 7 Oct 2012 01:23:45 GMT
21:24:19,104 INFO  ~ 7 Oct 2012 01:23:50 GMT
21:24:19,105 INFO  ~ 7 Oct 2012 01:23:55 GMT
21:24:19,107 INFO  ~ 7 Oct 2012 01:24:00 GMT
21:24:19,109 INFO  ~ 7 Oct 2012 01:24:05 GMT
21:24:41,061 INFO  ~ 7 Oct 2012 01:24:10 GMT
21:24:41,066 INFO  ~ 7 Oct 2012 01:24:15 GMT
21:24:41,069 INFO  ~ 7 Oct 2012 01:24:20 GMT
21:24:41,071 INFO  ~ 7 Oct 2012 01:24:25 GMT
21:24:41,073 INFO  ~ 7 Oct 2012 01:24:30 GMT
21:24:41,076 INFO  ~ 7 Oct 2012 01:24:35 GMT
21:25:11,561 INFO  ~ 7 Oct 2012 01:24:40 GMT
21:25:11,564 INFO  ~ 7 Oct 2012 01:24:45 GMT
21:25:11,594 INFO  ~ 7 Oct 2012 01:24:50 GMT
21:25:11,596 INFO  ~ 7 Oct 2012 01:24:55 GMT
21:25:11,598 INFO  ~ 7 Oct 2012 01:25:00 GMT
21:25:11,601 INFO  ~ 7 Oct 2012 01:25:05 GMT
21:25:41,267 INFO  ~ 7 Oct 2012 01:25:10 GMT
21:25:41,276 INFO  ~ 7 Oct 2012 01:25:15 GMT
21:25:41,292 INFO  ~ 7 Oct 2012 01:25:20 GMT
21:25:41,295 INFO  ~ 7 Oct 2012 01:25:25 GMT
21:25:41,298 INFO  ~ 7 Oct 2012 01:25:30 GMT
21:25:41,300 INFO  ~ 7 Oct 2012 01:25:35 GMT
21:26:11,687 INFO  ~ 7 Oct 2012 01:25:40 GMT
21:26:11,690 INFO  ~ 7 Oct 2012 01:25:45 GMT
21:26:11,694 INFO  ~ 7 Oct 2012 01:25:50 GMT
21:26:11,697 INFO  ~ 7 Oct 2012 01:25:55 GMT
21:26:11,700 INFO  ~ 7 Oct 2012 01:26:00 GMT
21:26:11,703 INFO  ~ 7 Oct 2012 01:26:05 GMT
21:26:39,977 INFO  ~ 7 Oct 2012 01:26:10 GMT
21:26:39,979 INFO  ~ 7 Oct 2012 01:26:15 GMT
21:26:39,981 INFO  ~ 7 Oct 2012 01:26:20 GMT
21:26:39,982 INFO  ~ 7 Oct 2012 01:26:25 GMT
21:26:39,984 INFO  ~ 7 Oct 2012 01:26:30 GMT
21:26:39,986 INFO  ~ 7 Oct 2012 01:26:35 GMT
21:27:11,510 INFO  ~ 7 Oct 2012 01:26:40 GMT
21:27:11,512 INFO  ~ 7 Oct 2012 01:26:45 GMT
21:27:11,514 INFO  ~ 7 Oct 2012 01:26:50 GMT
21:27:11,516 INFO  ~ 7 Oct 2012 01:26:55 GMT
21:27:11,518 INFO  ~ 7 Oct 2012 01:27:00 GMT
21:27:11,519 INFO  ~ 7 Oct 2012 01:27:05 GMT
21:27:41,710 INFO  ~ 7 Oct 2012 01:27:10 GMT
21:27:41,712 INFO  ~ 7 Oct 2012 01:27:15 GMT
21:27:41,713 INFO  ~ 7 Oct 2012 01:27:20 GMT
21:27:41,715 INFO  ~ 7 Oct 2012 01:27:25 GMT
21:27:41,721 INFO  ~ 7 Oct 2012 01:27:30 GMT
21:27:41,724 INFO  ~ 7 Oct 2012 01:27:35 GMT
21:28:11,806 INFO  ~ 7 Oct 2012 01:27:40 GMT
21:28:11,809 INFO  ~ 7 Oct 2012 01:27:45 GMT
21:28:11,810 INFO  ~ 7 Oct 2012 01:27:50 GMT
21:28:11,812 INFO  ~ 7 Oct 2012 01:27:55 GMT
21:28:11,814 INFO  ~ 7 Oct 2012 01:28:00 GMT
21:28:11,816 INFO  ~ 7 Oct 2012 01:28:05 GMT
21:28:41,611 INFO  ~ 7 Oct 2012 01:28:10 GMT
21:28:41,614 INFO  ~ 7 Oct 2012 01:28:15 GMT
21:28:41,616 INFO  ~ 7 Oct 2012 01:28:20 GMT
21:28:41,619 INFO  ~ 7 Oct 2012 01:28:25 GMT
21:28:41,622 INFO  ~ 7 Oct 2012 01:28:30 GMT
21:28:41,625 INFO  ~ 7 Oct 2012 01:28:35 GMT
21:29:11,694 INFO  ~ 7 Oct 2012 01:28:40 GMT
21:29:11,697 INFO  ~ 7 Oct 2012 01:28:45 GMT
21:29:11,699 INFO  ~ 7 Oct 2012 01:28:50 GMT
21:29:11,701 INFO  ~ 7 Oct 2012 01:28:55 GMT
21:29:11,704 INFO  ~ 7 Oct 2012 01:29:00 GMT
21:29:11,706 INFO  ~ 7 Oct 2012 01:29:05 GMT
21:29:41,738 INFO  ~ 7 Oct 2012 01:29:10 GMT
21:29:41,742 INFO  ~ 7 Oct 2012 01:29:15 GMT
21:29:41,745 INFO  ~ 7 Oct 2012 01:29:20 GMT
21:29:41,750 INFO  ~ 7 Oct 2012 01:29:25 GMT
21:29:41,754 INFO  ~ 7 Oct 2012 01:29:30 GMT
21:29:41,756 INFO  ~ 7 Oct 2012 01:29:35 GMT
21:30:11,608 INFO  ~ 7 Oct 2012 01:29:40 GMT
21:30:11,615 INFO  ~ 7 Oct 2012 01:29:45 GMT
21:30:11,619 INFO  ~ 7 Oct 2012 01:29:50 GMT
21:30:11,621 INFO  ~ 7 Oct 2012 01:29:55 GMT
21:30:11,624 INFO  ~ 7 Oct 2012 01:30:00 GMT
21:30:11,626 INFO  ~ 7 Oct 2012 01:30:05 GMT
21:30:39,972 INFO  ~ 7 Oct 2012 01:30:10 GMT
21:30:39,975 INFO  ~ 7 Oct 2012 01:30:15 GMT
21:30:39,976 INFO  ~ 7 Oct 2012 01:30:20 GMT
21:30:39,978 INFO  ~ 7 Oct 2012 01:30:25 GMT
21:30:39,979 INFO  ~ 7 Oct 2012 01:30:30 GMT
21:30:39,980 INFO  ~ 7 Oct 2012 01:30:35 GMT
21:31:11,814 INFO  ~ 7 Oct 2012 01:30:40 GMT
21:31:11,817 INFO  ~ 7 Oct 2012 01:30:45 GMT
21:31:11,818 INFO  ~ 7 Oct 2012 01:30:50 GMT
21:31:11,820 INFO  ~ 7 Oct 2012 01:30:55 GMT
21:31:11,821 INFO  ~ 7 Oct 2012 01:31:00 GMT
21:31:11,822 INFO  ~ 7 Oct 2012 01:31:05 GMT
21:31:41,896 INFO  ~ 7 Oct 2012 01:31:10 GMT
21:31:41,900 INFO  ~ 7 Oct 2012 01:31:15 GMT
21:31:41,902 INFO  ~ 7 Oct 2012 01:31:20 GMT
21:31:41,904 INFO  ~ 7 Oct 2012 01:31:25 GMT
21:31:41,906 INFO  ~ 7 Oct 2012 01:31:30 GMT
21:31:41,908 INFO  ~ 7 Oct 2012 01:31:35 GMT
21:32:11,734 INFO  ~ 7 Oct 2012 01:31:40 GMT
21:32:11,736 INFO  ~ 7 Oct 2012 01:31:45 GMT
21:32:11,738 INFO  ~ 7 Oct 2012 01:31:50 GMT
21:32:11,741 INFO  ~ 7 Oct 2012 01:31:55 GMT
21:32:11,743 INFO  ~ 7 Oct 2012 01:32:00 GMT
21:32:11,744 INFO  ~ 7 Oct 2012 01:32:05 GMT
21:32:41,813 INFO  ~ 7 Oct 2012 01:32:10 GMT
21:32:41,817 INFO  ~ 7 Oct 2012 01:32:15 GMT
21:32:41,820 INFO  ~ 7 Oct 2012 01:32:20 GMT
21:32:41,822 INFO  ~ 7 Oct 2012 01:32:25 GMT
21:32:41,825 INFO  ~ 7 Oct 2012 01:32:30 GMT
21:32:41,827 INFO  ~ 7 Oct 2012 01:32:35 GMT
21:33:11,649 INFO  ~ 7 Oct 2012 01:32:40 GMT
21:33:11,654 INFO  ~ 7 Oct 2012 01:32:45 GMT
21:33:11,658 INFO  ~ 7 Oct 2012 01:32:50 GMT
21:33:11,661 INFO  ~ 7 Oct 2012 01:32:55 GMT
21:33:11,665 INFO  ~ 7 Oct 2012 01:33:00 GMT
21:33:11,671 INFO  ~ 7 Oct 2012 01:33:05 GMT
21:33:40,081 INFO  ~ 7 Oct 2012 01:33:10 GMT
21:33:40,083 INFO  ~ 7 Oct 2012 01:33:15 GMT
21:33:40,085 INFO  ~ 7 Oct 2012 01:33:20 GMT
21:33:40,087 INFO  ~ 7 Oct 2012 01:33:25 GMT
21:33:40,089 INFO  ~ 7 Oct 2012 01:33:30 GMT
21:33:40,091 INFO  ~ 7 Oct 2012 01:33:35 GMT
21:34:11,803 INFO  ~ 7 Oct 2012 01:33:40 GMT
21:34:11,805 INFO  ~ 7 Oct 2012 01:33:45 GMT
21:34:11,806 INFO  ~ 7 Oct 2012 01:33:50 GMT
21:34:11,808 INFO  ~ 7 Oct 2012 01:33:55 GMT
21:34:11,810 INFO  ~ 7 Oct 2012 01:34:00 GMT
21:34:11,812 INFO  ~ 7 Oct 2012 01:34:05 GMT
21:34:41,802 INFO  ~ 7 Oct 2012 01:34:10 GMT
21:34:41,805 INFO  ~ 7 Oct 2012 01:34:15 GMT
21:34:41,808 INFO  ~ 7 Oct 2012 01:34:20 GMT
21:34:41,811 INFO  ~ 7 Oct 2012 01:34:25 GMT
21:34:41,814 INFO  ~ 7 Oct 2012 01:34:30 GMT
21:34:41,816 INFO  ~ 7 Oct 2012 01:34:35 GMT
21:35:11,694 INFO  ~ 7 Oct 2012 01:34:40 GMT
21:35:11,696 INFO  ~ 7 Oct 2012 01:34:45 GMT
21:35:11,700 INFO  ~ 7 Oct 2012 01:34:50 GMT
21:35:11,702 INFO  ~ 7 Oct 2012 01:34:55 GMT
21:35:11,703 INFO  ~ 7 Oct 2012 01:35:00 GMT
21:35:11,705 INFO  ~ 7 Oct 2012 01:35:05 GMT
21:35:41,854 INFO  ~ 7 Oct 2012 01:35:10 GMT
21:35:41,858 INFO  ~ 7 Oct 2012 01:35:15 GMT
21:35:41,860 INFO  ~ 7 Oct 2012 01:35:20 GMT
21:35:41,864 INFO  ~ 7 Oct 2012 01:35:25 GMT
21:35:41,867 INFO  ~ 7 Oct 2012 01:35:30 GMT
21:35:41,869 INFO  ~ 7 Oct 2012 01:35:35 GMT
21:36:11,897 INFO  ~ 7 Oct 2012 01:35:40 GMT
21:36:11,905 INFO  ~ 7 Oct 2012 01:35:45 GMT
21:36:11,908 INFO  ~ 7 Oct 2012 01:35:50 GMT
21:36:11,910 INFO  ~ 7 Oct 2012 01:35:55 GMT
21:36:11,912 INFO  ~ 7 Oct 2012 01:36:00 GMT
21:36:11,914 INFO  ~ 7 Oct 2012 01:36:05 GMT
21:36:42,011 INFO  ~ 7 Oct 2012 01:36:10 GMT
21:36:42,014 INFO  ~ 7 Oct 2012 01:36:15 GMT
21:36:42,015 INFO  ~ 7 Oct 2012 01:36:20 GMT
21:36:42,018 INFO  ~ 7 Oct 2012 01:36:25 GMT
21:36:42,019 INFO  ~ 7 Oct 2012 01:36:30 GMT
21:36:42,021 INFO  ~ 7 Oct 2012 01:36:35 GMT
21:37:12,403 INFO  ~ 7 Oct 2012 01:36:40 GMT
21:37:12,406 INFO  ~ 7 Oct 2012 01:36:45 GMT
21:37:12,408 INFO  ~ 7 Oct 2012 01:36:50 GMT
21:37:12,409 INFO  ~ 7 Oct 2012 01:36:55 GMT
21:37:12,411 INFO  ~ 7 Oct 2012 01:37:00 GMT
21:37:12,413 INFO  ~ 7 Oct 2012 01:37:05 GMT
21:37:41,915 INFO  ~ 7 Oct 2012 01:37:10 GMT
21:37:41,917 INFO  ~ 7 Oct 2012 01:37:15 GMT
21:37:41,919 INFO  ~ 7 Oct 2012 01:37:20 GMT
21:37:41,920 INFO  ~ 7 Oct 2012 01:37:25 GMT
21:37:41,922 INFO  ~ 7 Oct 2012 01:37:30 GMT
21:37:41,923 INFO  ~ 7 Oct 2012 01:37:35 GMT
21:38:12,019 INFO  ~ 7 Oct 2012 01:37:40 GMT
21:38:12,027 INFO  ~ 7 Oct 2012 01:37:45 GMT
21:38:12,030 INFO  ~ 7 Oct 2012 01:37:50 GMT
21:38:12,034 INFO  ~ 7 Oct 2012 01:37:55 GMT
21:38:12,040 INFO  ~ 7 Oct 2012 01:38:00 GMT
21:38:12,043 INFO  ~ 7 Oct 2012 01:38:05 GMT
21:38:41,980 INFO  ~ 7 Oct 2012 01:38:10 GMT
21:38:41,983 INFO  ~ 7 Oct 2012 01:38:15 GMT
21:38:41,987 INFO  ~ 7 Oct 2012 01:38:20 GMT
21:38:41,989 INFO  ~ 7 Oct 2012 01:38:25 GMT
21:38:41,992 INFO  ~ 7 Oct 2012 01:38:30 GMT
21:38:41,995 INFO  ~ 7 Oct 2012 01:38:35 GMT
21:39:11,928 INFO  ~ 7 Oct 2012 01:38:45 GMT
21:39:11,930 INFO  ~ 7 Oct 2012 01:38:50 GMT
21:39:11,932 INFO  ~ 7 Oct 2012 01:38:55 GMT
21:39:11,935 INFO  ~ 7 Oct 2012 01:39:00 GMT
21:39:11,936 INFO  ~ 7 Oct 2012 01:39:05 GMT
21:39:41,810 INFO  ~ 7 Oct 2012 01:39:10 GMT
21:39:41,813 INFO  ~ 7 Oct 2012 01:39:15 GMT
21:39:41,815 INFO  ~ 7 Oct 2012 01:39:20 GMT
21:39:41,817 INFO  ~ 7 Oct 2012 01:39:25 GMT
21:39:41,818 INFO  ~ 7 Oct 2012 01:39:30 GMT
21:39:41,822 INFO  ~ 7 Oct 2012 01:39:35 GMT
21:40:12,093 INFO  ~ 7 Oct 2012 01:39:40 GMT
21:40:12,096 INFO  ~ 7 Oct 2012 01:39:45 GMT
21:40:12,098 INFO  ~ 7 Oct 2012 01:39:50 GMT
21:40:12,101 INFO  ~ 7 Oct 2012 01:39:55 GMT
21:40:12,105 INFO  ~ 7 Oct 2012 01:40:00 GMT
21:40:12,107 INFO  ~ 7 Oct 2012 01:40:05 GMT
21:40:41,911 INFO  ~ 7 Oct 2012 01:40:10 GMT
21:40:41,913 INFO  ~ 7 Oct 2012 01:40:15 GMT
21:40:41,915 INFO  ~ 7 Oct 2012 01:40:20 GMT
21:40:41,916 INFO  ~ 7 Oct 2012 01:40:25 GMT
21:40:41,919 INFO  ~ 7 Oct 2012 01:40:30 GMT
21:40:41,920 INFO  ~ 7 Oct 2012 01:40:35 GMT
21:41:11,913 INFO  ~ 7 Oct 2012 01:40:40 GMT
21:41:11,915 INFO  ~ 7 Oct 2012 01:40:45 GMT
21:41:11,917 INFO  ~ 7 Oct 2012 01:40:50 GMT
21:41:11,919 INFO  ~ 7 Oct 2012 01:40:55 GMT
21:41:11,920 INFO  ~ 7 Oct 2012 01:41:00 GMT
21:41:11,922 INFO  ~ 7 Oct 2012 01:41:05 GMT
21:41:41,809 INFO  ~ 7 Oct 2012 01:41:10 GMT
21:41:41,811 INFO  ~ 7 Oct 2012 01:41:15 GMT
21:41:41,813 INFO  ~ 7 Oct 2012 01:41:20 GMT
21:41:41,814 INFO  ~ 7 Oct 2012 01:41:25 GMT
21:41:41,816 INFO  ~ 7 Oct 2012 01:41:30 GMT
21:41:41,816 INFO  ~ 7 Oct 2012 01:41:35 GMT
21:41:41,818 INFO  ~ 7 Oct 2012 01:41:40 GMT
21:42:12,098 INFO  ~ 7 Oct 2012 01:41:45 GMT
21:42:12,102 INFO  ~ 7 Oct 2012 01:41:50 GMT
21:42:12,105 INFO  ~ 7 Oct 2012 01:41:55 GMT
21:42:12,107 INFO  ~ 7 Oct 2012 01:42:00 GMT
21:42:12,109 INFO  ~ 7 Oct 2012 01:42:05 GMT
21:42:12,111 INFO  ~ 7 Oct 2012 01:42:10 GMT
21:42:42,031 INFO  ~ 7 Oct 2012 01:42:15 GMT
21:42:42,034 INFO  ~ 7 Oct 2012 01:42:20 GMT
21:42:42,035 INFO  ~ 7 Oct 2012 01:42:25 GMT
21:42:42,037 INFO  ~ 7 Oct 2012 01:42:30 GMT
21:42:42,038 INFO  ~ 7 Oct 2012 01:42:35 GMT
21:43:12,217 INFO  ~ 7 Oct 2012 01:42:40 GMT
21:43:12,219 INFO  ~ 7 Oct 2012 01:42:45 GMT
21:43:12,220 INFO  ~ 7 Oct 2012 01:42:50 GMT
21:43:12,222 INFO  ~ 7 Oct 2012 01:42:55 GMT
21:43:12,224 INFO  ~ 7 Oct 2012 01:43:00 GMT
21:43:12,226 INFO  ~ 7 Oct 2012 01:43:05 GMT
21:43:41,803 INFO  ~ 7 Oct 2012 01:43:10 GMT
21:43:41,805 INFO  ~ 7 Oct 2012 01:43:15 GMT
21:43:41,807 INFO  ~ 7 Oct 2012 01:43:20 GMT
21:43:41,808 INFO  ~ 7 Oct 2012 01:43:25 GMT
21:43:41,810 INFO  ~ 7 Oct 2012 01:43:30 GMT
21:43:41,811 INFO  ~ 7 Oct 2012 01:43:35 GMT
21:44:47,388 INFO  ~ 7 Oct 2012 01:44:21 GMT
21:44:47,391 INFO  ~ 7 Oct 2012 01:44:26 GMT
21:44:47,394 INFO  ~ 7 Oct 2012 01:44:31 GMT
21:44:47,397 INFO  ~ 7 Oct 2012 01:44:36 GMT
21:44:47,399 INFO  ~ 7 Oct 2012 01:44:41 GMT
21:45:17,388 INFO  ~ 7 Oct 2012 01:44:46 GMT
21:45:17,391 INFO  ~ 7 Oct 2012 01:44:51 GMT
21:45:17,393 INFO  ~ 7 Oct 2012 01:44:56 GMT
21:45:17,396 INFO  ~ 7 Oct 2012 01:45:01 GMT
21:45:17,399 INFO  ~ 7 Oct 2012 01:45:06 GMT
21:45:17,401 INFO  ~ 7 Oct 2012 01:45:11 GMT
21:45:47,528 INFO  ~ 7 Oct 2012 01:45:16 GMT
21:45:47,531 INFO  ~ 7 Oct 2012 01:45:21 GMT
21:45:47,532 INFO  ~ 7 Oct 2012 01:45:26 GMT
21:45:47,533 INFO  ~ 7 Oct 2012 01:45:31 GMT
21:45:47,534 INFO  ~ 7 Oct 2012 01:45:36 GMT
21:45:47,535 INFO  ~ 7 Oct 2012 01:45:41 GMT
21:46:17,408 INFO  ~ 7 Oct 2012 01:45:46 GMT
21:46:17,414 INFO  ~ 7 Oct 2012 01:45:51 GMT
21:46:17,416 INFO  ~ 7 Oct 2012 01:45:56 GMT
21:46:17,418 INFO  ~ 7 Oct 2012 01:46:01 GMT
21:46:17,420 INFO  ~ 7 Oct 2012 01:46:06 GMT
21:46:17,421 INFO  ~ 7 Oct 2012 01:46:11 GMT
21:46:47,576 INFO  ~ 7 Oct 2012 01:46:16 GMT
21:46:47,580 INFO  ~ 7 Oct 2012 01:46:21 GMT
21:46:47,585 INFO  ~ 7 Oct 2012 01:46:26 GMT
21:46:47,588 INFO  ~ 7 Oct 2012 01:46:31 GMT
21:46:47,590 INFO  ~ 7 Oct 2012 01:46:36 GMT
21:46:47,592 INFO  ~ 7 Oct 2012 01:46:41 GMT
21:47:17,493 INFO  ~ 7 Oct 2012 01:46:46 GMT
21:47:17,497 INFO  ~ 7 Oct 2012 01:46:51 GMT
21:47:17,500 INFO  ~ 7 Oct 2012 01:46:56 GMT
21:47:17,503 INFO  ~ 7 Oct 2012 01:47:01 GMT
21:47:17,506 INFO  ~ 7 Oct 2012 01:47:06 GMT
21:47:17,508 INFO  ~ 7 Oct 2012 01:47:11 GMT
21:47:47,644 INFO  ~ 7 Oct 2012 01:47:16 GMT
21:47:47,646 INFO  ~ 7 Oct 2012 01:47:21 GMT
21:47:47,648 INFO  ~ 7 Oct 2012 01:47:26 GMT
21:47:47,649 INFO  ~ 7 Oct 2012 01:47:31 GMT
21:47:47,651 INFO  ~ 7 Oct 2012 01:47:36 GMT
21:47:47,652 INFO  ~ 7 Oct 2012 01:47:41 GMT
21:48:17,713 INFO  ~ 7 Oct 2012 01:47:46 GMT
21:48:17,715 INFO  ~ 7 Oct 2012 01:47:51 GMT
21:48:17,717 INFO  ~ 7 Oct 2012 01:47:56 GMT
21:48:17,719 INFO  ~ 7 Oct 2012 01:48:01 GMT
21:48:17,721 INFO  ~ 7 Oct 2012 01:48:06 GMT
21:48:17,722 INFO  ~ 7 Oct 2012 01:48:11 GMT
21:48:47,539 INFO  ~ 7 Oct 2012 01:48:16 GMT
21:48:47,543 INFO  ~ 7 Oct 2012 01:48:21 GMT
21:48:47,545 INFO  ~ 7 Oct 2012 01:48:26 GMT
21:48:47,549 INFO  ~ 7 Oct 2012 01:48:31 GMT
21:48:47,552 INFO  ~ 7 Oct 2012 01:48:36 GMT
21:48:47,555 INFO  ~ 7 Oct 2012 01:48:41 GMT
21:49:17,931 INFO  ~ 7 Oct 2012 01:48:46 GMT
21:49:17,934 INFO  ~ 7 Oct 2012 01:48:51 GMT
21:49:17,935 INFO  ~ 7 Oct 2012 01:48:56 GMT
21:49:17,937 INFO  ~ 7 Oct 2012 01:49:01 GMT
21:49:17,939 INFO  ~ 7 Oct 2012 01:49:06 GMT
21:49:17,941 INFO  ~ 7 Oct 2012 01:49:11 GMT
21:49:47,615 INFO  ~ 7 Oct 2012 01:49:16 GMT
21:49:47,617 INFO  ~ 7 Oct 2012 01:49:21 GMT
21:49:47,619 INFO  ~ 7 Oct 2012 01:49:26 GMT
21:49:47,623 INFO  ~ 7 Oct 2012 01:49:31 GMT
21:49:47,624 INFO  ~ 7 Oct 2012 01:49:36 GMT
21:49:47,626 INFO  ~ 7 Oct 2012 01:49:41 GMT
21:50:17,780 INFO  ~ 7 Oct 2012 01:49:46 GMT
21:50:17,783 INFO  ~ 7 Oct 2012 01:49:51 GMT
21:50:17,786 INFO  ~ 7 Oct 2012 01:49:56 GMT
21:50:17,788 INFO  ~ 7 Oct 2012 01:50:01 GMT
21:50:17,791 INFO  ~ 7 Oct 2012 01:50:06 GMT
21:50:17,793 INFO  ~ 7 Oct 2012 01:50:11 GMT
21:50:47,635 INFO  ~ 7 Oct 2012 01:50:16 GMT
21:50:47,637 INFO  ~ 7 Oct 2012 01:50:21 GMT
21:50:47,639 INFO  ~ 7 Oct 2012 01:50:26 GMT
21:50:47,640 INFO  ~ 7 Oct 2012 01:50:31 GMT
21:50:47,645 INFO  ~ 7 Oct 2012 01:50:36 GMT
21:50:47,647 INFO  ~ 7 Oct 2012 01:50:41 GMT
21:51:17,741 INFO  ~ 7 Oct 2012 01:50:46 GMT
21:51:17,743 INFO  ~ 7 Oct 2012 01:50:51 GMT
21:51:17,744 INFO  ~ 7 Oct 2012 01:50:56 GMT
21:51:17,746 INFO  ~ 7 Oct 2012 01:51:01 GMT
21:51:17,747 INFO  ~ 7 Oct 2012 01:51:06 GMT
21:51:17,748 INFO  ~ 7 Oct 2012 01:51:11 GMT
21:51:47,823 INFO  ~ 7 Oct 2012 01:51:16 GMT
21:51:47,826 INFO  ~ 7 Oct 2012 01:51:21 GMT
21:51:47,829 INFO  ~ 7 Oct 2012 01:51:26 GMT
21:51:47,832 INFO  ~ 7 Oct 2012 01:51:31 GMT
21:51:47,835 INFO  ~ 7 Oct 2012 01:51:36 GMT
21:51:47,836 INFO  ~ 7 Oct 2012 01:51:41 GMT
21:52:17,930 INFO  ~ 7 Oct 2012 01:51:46 GMT
21:52:17,933 INFO  ~ 7 Oct 2012 01:51:51 GMT
21:52:17,936 INFO  ~ 7 Oct 2012 01:51:56 GMT
21:52:17,939 INFO  ~ 7 Oct 2012 01:52:01 GMT
21:52:17,941 INFO  ~ 7 Oct 2012 01:52:06 GMT
21:52:17,943 INFO  ~ 7 Oct 2012 01:52:11 GMT
21:52:47,737 INFO  ~ 7 Oct 2012 01:52:16 GMT
21:52:47,740 INFO  ~ 7 Oct 2012 01:52:21 GMT
21:52:47,741 INFO  ~ 7 Oct 2012 01:52:26 GMT
21:52:47,743 INFO  ~ 7 Oct 2012 01:52:31 GMT
21:52:47,745 INFO  ~ 7 Oct 2012 01:52:36 GMT
21:52:47,747 INFO  ~ 7 Oct 2012 01:52:41 GMT
21:53:18,448 INFO  ~ 7 Oct 2012 01:52:46 GMT
21:53:18,453 INFO  ~ 7 Oct 2012 01:52:51 GMT
21:53:18,455 INFO  ~ 7 Oct 2012 01:52:56 GMT
21:53:18,456 INFO  ~ 7 Oct 2012 01:53:01 GMT
21:53:18,458 INFO  ~ 7 Oct 2012 01:53:06 GMT
21:53:18,462 INFO  ~ 7 Oct 2012 01:53:11 GMT
21:53:47,954 INFO  ~ 7 Oct 2012 01:53:16 GMT
21:53:47,957 INFO  ~ 7 Oct 2012 01:53:21 GMT
21:53:47,958 INFO  ~ 7 Oct 2012 01:53:26 GMT
21:53:47,960 INFO  ~ 7 Oct 2012 01:53:31 GMT
21:53:47,961 INFO  ~ 7 Oct 2012 01:53:36 GMT
21:53:47,972 INFO  ~ 7 Oct 2012 01:53:41 GMT
21:54:18,004 INFO  ~ 7 Oct 2012 01:53:46 GMT
21:54:18,008 INFO  ~ 7 Oct 2012 01:53:51 GMT
21:54:18,010 INFO  ~ 7 Oct 2012 01:53:56 GMT
21:54:18,014 INFO  ~ 7 Oct 2012 01:54:01 GMT
21:54:18,018 INFO  ~ 7 Oct 2012 01:54:06 GMT
21:54:18,021 INFO  ~ 7 Oct 2012 01:54:11 GMT
21:54:48,732 INFO  ~ 7 Oct 2012 01:54:16 GMT
21:54:48,734 INFO  ~ 7 Oct 2012 01:54:21 GMT
21:54:48,735 INFO  ~ 7 Oct 2012 01:54:26 GMT
21:54:48,737 INFO  ~ 7 Oct 2012 01:54:31 GMT
21:54:48,738 INFO  ~ 7 Oct 2012 01:54:36 GMT
21:54:48,740 INFO  ~ 7 Oct 2012 01:54:41 GMT
21:55:18,028 INFO  ~ 7 Oct 2012 01:54:46 GMT
21:55:18,031 INFO  ~ 7 Oct 2012 01:54:51 GMT
21:55:18,034 INFO  ~ 7 Oct 2012 01:54:56 GMT
21:55:18,036 INFO  ~ 7 Oct 2012 01:55:01 GMT
21:55:18,039 INFO  ~ 7 Oct 2012 01:55:06 GMT
21:55:18,041 INFO  ~ 7 Oct 2012 01:55:11 GMT
21:55:48,035 INFO  ~ 7 Oct 2012 01:55:16 GMT
21:55:48,037 INFO  ~ 7 Oct 2012 01:55:21 GMT
21:55:48,039 INFO  ~ 7 Oct 2012 01:55:26 GMT
21:55:48,042 INFO  ~ 7 Oct 2012 01:55:31 GMT
21:55:48,044 INFO  ~ 7 Oct 2012 01:55:36 GMT
21:55:48,046 INFO  ~ 7 Oct 2012 01:55:41 GMT
21:56:18,226 INFO  ~ 7 Oct 2012 01:55:46 GMT
21:56:18,229 INFO  ~ 7 Oct 2012 01:55:51 GMT
21:56:18,231 INFO  ~ 7 Oct 2012 01:55:56 GMT
21:56:18,235 INFO  ~ 7 Oct 2012 01:56:01 GMT
21:56:18,238 INFO  ~ 7 Oct 2012 01:56:06 GMT
21:56:18,241 INFO  ~ 7 Oct 2012 01:56:11 GMT
21:56:47,960 INFO  ~ 7 Oct 2012 01:56:16 GMT
21:56:47,962 INFO  ~ 7 Oct 2012 01:56:21 GMT
21:56:47,965 INFO  ~ 7 Oct 2012 01:56:26 GMT
21:56:47,967 INFO  ~ 7 Oct 2012 01:56:31 GMT
21:56:47,969 INFO  ~ 7 Oct 2012 01:56:36 GMT
21:56:47,970 INFO  ~ 7 Oct 2012 01:56:41 GMT
21:57:17,796 INFO  ~ 7 Oct 2012 01:56:46 GMT
21:57:17,801 INFO  ~ 7 Oct 2012 01:56:51 GMT
21:57:17,805 INFO  ~ 7 Oct 2012 01:56:56 GMT
21:57:17,810 INFO  ~ 7 Oct 2012 01:57:01 GMT
21:57:17,814 INFO  ~ 7 Oct 2012 01:57:06 GMT
21:57:17,816 INFO  ~ 7 Oct 2012 01:57:11 GMT
21:57:47,721 INFO  ~ 7 Oct 2012 01:57:16 GMT
21:57:47,725 INFO  ~ 7 Oct 2012 01:57:21 GMT
21:57:47,728 INFO  ~ 7 Oct 2012 01:57:26 GMT
21:57:47,730 INFO  ~ 7 Oct 2012 01:57:31 GMT
21:57:47,732 INFO  ~ 7 Oct 2012 01:57:36 GMT
21:57:47,734 INFO  ~ 7 Oct 2012 01:57:41 GMT
21:57:47,735 INFO  ~ 7 Oct 2012 01:57:46 GMT
21:58:17,552 INFO  ~ 7 Oct 2012 01:57:51 GMT
21:58:17,557 INFO  ~ 7 Oct 2012 01:57:56 GMT
21:58:17,560 INFO  ~ 7 Oct 2012 01:58:01 GMT
21:58:17,580 INFO  ~ 7 Oct 2012 01:58:06 GMT
21:58:17,582 INFO  ~ 7 Oct 2012 01:58:11 GMT
21:58:47,546 INFO  ~ 7 Oct 2012 01:58:16 GMT
21:58:47,551 INFO  ~ 7 Oct 2012 01:58:21 GMT
21:58:47,554 INFO  ~ 7 Oct 2012 01:58:26 GMT
21:58:47,559 INFO  ~ 7 Oct 2012 01:58:31 GMT
21:58:47,566 INFO  ~ 7 Oct 2012 01:58:36 GMT
21:58:47,570 INFO  ~ 7 Oct 2012 01:58:41 GMT
21:59:17,817 INFO  ~ 7 Oct 2012 01:58:46 GMT
21:59:17,820 INFO  ~ 7 Oct 2012 01:58:51 GMT
21:59:17,821 INFO  ~ 7 Oct 2012 01:58:56 GMT
21:59:17,823 INFO  ~ 7 Oct 2012 01:59:01 GMT
21:59:17,824 INFO  ~ 7 Oct 2012 01:59:06 GMT
21:59:17,825 INFO  ~ 7 Oct 2012 01:59:11 GMT
21:59:47,948 INFO  ~ 7 Oct 2012 01:59:16 GMT
21:59:47,951 INFO  ~ 7 Oct 2012 01:59:21 GMT
21:59:47,953 INFO  ~ 7 Oct 2012 01:59:26 GMT
21:59:47,954 INFO  ~ 7 Oct 2012 01:59:31 GMT
21:59:47,956 INFO  ~ 7 Oct 2012 01:59:36 GMT
21:59:47,957 INFO  ~ 7 Oct 2012 01:59:41 GMT
22:00:18,068 INFO  ~ 7 Oct 2012 01:59:46 GMT
22:00:18,071 INFO  ~ 7 Oct 2012 01:59:51 GMT
22:00:18,073 INFO  ~ 7 Oct 2012 01:59:56 GMT
22:00:18,076 INFO  ~ 7 Oct 2012 02:00:01 GMT
22:00:18,079 INFO  ~ 7 Oct 2012 02:00:06 GMT
22:00:18,081 INFO  ~ 7 Oct 2012 02:00:11 GMT
22:00:48,034 INFO  ~ 7 Oct 2012 02:00:16 GMT
22:00:48,036 INFO  ~ 7 Oct 2012 02:00:21 GMT
22:00:48,038 INFO  ~ 7 Oct 2012 02:00:26 GMT
22:00:48,040 INFO  ~ 7 Oct 2012 02:00:31 GMT
22:00:48,041 INFO  ~ 7 Oct 2012 02:00:36 GMT
22:00:48,042 INFO  ~ 7 Oct 2012 02:00:41 GMT
22:01:16,458 INFO  ~ 7 Oct 2012 02:00:46 GMT
22:01:16,462 INFO  ~ 7 Oct 2012 02:00:51 GMT
22:01:16,467 INFO  ~ 7 Oct 2012 02:00:56 GMT
22:01:16,470 INFO  ~ 7 Oct 2012 02:01:01 GMT
22:01:16,474 INFO  ~ 7 Oct 2012 02:01:06 GMT
22:01:16,478 INFO  ~ 7 Oct 2012 02:01:11 GMT
22:01:48,003 INFO  ~ 7 Oct 2012 02:01:16 GMT
22:01:48,008 INFO  ~ 7 Oct 2012 02:01:21 GMT
22:01:48,012 INFO  ~ 7 Oct 2012 02:01:26 GMT
22:01:48,018 INFO  ~ 7 Oct 2012 02:01:31 GMT
22:01:48,021 INFO  ~ 7 Oct 2012 02:01:36 GMT
22:01:48,023 INFO  ~ 7 Oct 2012 02:01:41 GMT
22:02:17,792 INFO  ~ 7 Oct 2012 02:01:46 GMT
22:02:17,796 INFO  ~ 7 Oct 2012 02:01:51 GMT
22:02:17,802 INFO  ~ 7 Oct 2012 02:01:56 GMT
22:02:17,804 INFO  ~ 7 Oct 2012 02:02:01 GMT
22:02:17,806 INFO  ~ 7 Oct 2012 02:02:06 GMT
22:02:17,807 INFO  ~ 7 Oct 2012 02:02:11 GMT
22:02:47,835 INFO  ~ 7 Oct 2012 02:02:16 GMT
22:02:47,841 INFO  ~ 7 Oct 2012 02:02:21 GMT
22:02:47,846 INFO  ~ 7 Oct 2012 02:02:26 GMT
22:02:47,850 INFO  ~ 7 Oct 2012 02:02:31 GMT
22:02:47,851 INFO  ~ 7 Oct 2012 02:02:36 GMT
22:02:47,854 INFO  ~ 7 Oct 2012 02:02:41 GMT
22:03:18,196 INFO  ~ 7 Oct 2012 02:02:46 GMT
22:03:18,199 INFO  ~ 7 Oct 2012 02:02:51 GMT
22:03:18,201 INFO  ~ 7 Oct 2012 02:02:56 GMT
22:03:18,203 INFO  ~ 7 Oct 2012 02:03:01 GMT
22:03:18,205 INFO  ~ 7 Oct 2012 02:03:06 GMT
22:03:18,207 INFO  ~ 7 Oct 2012 02:03:11 GMT
22:03:48,052 INFO  ~ 7 Oct 2012 02:03:16 GMT
22:03:48,054 INFO  ~ 7 Oct 2012 02:03:21 GMT
22:03:48,056 INFO  ~ 7 Oct 2012 02:03:26 GMT
22:03:48,057 INFO  ~ 7 Oct 2012 02:03:31 GMT
22:03:48,058 INFO  ~ 7 Oct 2012 02:03:36 GMT
22:03:48,060 INFO  ~ 7 Oct 2012 02:03:41 GMT
22:04:18,074 INFO  ~ 7 Oct 2012 02:03:46 GMT
22:04:18,076 INFO  ~ 7 Oct 2012 02:03:51 GMT
22:04:18,078 INFO  ~ 7 Oct 2012 02:03:56 GMT
22:04:18,080 INFO  ~ 7 Oct 2012 02:04:01 GMT
22:04:18,081 INFO  ~ 7 Oct 2012 02:04:06 GMT
22:04:18,083 INFO  ~ 7 Oct 2012 02:04:11 GMT
22:04:48,058 INFO  ~ 7 Oct 2012 02:04:16 GMT
22:04:48,060 INFO  ~ 7 Oct 2012 02:04:21 GMT
22:04:48,062 INFO  ~ 7 Oct 2012 02:04:26 GMT
22:04:48,065 INFO  ~ 7 Oct 2012 02:04:31 GMT
22:04:48,067 INFO  ~ 7 Oct 2012 02:04:36 GMT
22:04:48,071 INFO  ~ 7 Oct 2012 02:04:41 GMT
22:05:16,495 INFO  ~ 7 Oct 2012 02:04:46 GMT
22:05:16,497 INFO  ~ 7 Oct 2012 02:04:51 GMT
22:05:16,499 INFO  ~ 7 Oct 2012 02:04:56 GMT
22:05:16,500 INFO  ~ 7 Oct 2012 02:05:01 GMT
22:05:16,502 INFO  ~ 7 Oct 2012 02:05:06 GMT
22:05:16,504 INFO  ~ 7 Oct 2012 02:05:11 GMT
22:05:48,042 INFO  ~ 7 Oct 2012 02:05:16 GMT
22:05:48,044 INFO  ~ 7 Oct 2012 02:05:21 GMT
22:05:48,045 INFO  ~ 7 Oct 2012 02:05:26 GMT
22:05:48,047 INFO  ~ 7 Oct 2012 02:05:31 GMT
22:05:48,050 INFO  ~ 7 Oct 2012 02:05:36 GMT
22:05:48,051 INFO  ~ 7 Oct 2012 02:05:41 GMT
22:06:18,340 INFO  ~ 7 Oct 2012 02:05:46 GMT
22:06:18,343 INFO  ~ 7 Oct 2012 02:05:51 GMT
22:06:18,345 INFO  ~ 7 Oct 2012 02:05:56 GMT
22:06:18,348 INFO  ~ 7 Oct 2012 02:06:01 GMT
22:06:18,350 INFO  ~ 7 Oct 2012 02:06:06 GMT
22:06:18,351 INFO  ~ 7 Oct 2012 02:06:11 GMT
22:06:48,246 INFO  ~ 7 Oct 2012 02:06:16 GMT
22:06:48,249 INFO  ~ 7 Oct 2012 02:06:21 GMT
22:06:48,253 INFO  ~ 7 Oct 2012 02:06:26 GMT
22:06:48,256 INFO  ~ 7 Oct 2012 02:06:31 GMT
22:06:48,258 INFO  ~ 7 Oct 2012 02:06:36 GMT
22:06:48,260 INFO  ~ 7 Oct 2012 02:06:41 GMT
22:07:18,240 INFO  ~ 7 Oct 2012 02:06:46 GMT
22:07:18,244 INFO  ~ 7 Oct 2012 02:06:51 GMT
22:07:18,247 INFO  ~ 7 Oct 2012 02:06:56 GMT
22:07:18,250 INFO  ~ 7 Oct 2012 02:07:01 GMT
22:07:18,253 INFO  ~ 7 Oct 2012 02:07:06 GMT
22:07:18,256 INFO  ~ 7 Oct 2012 02:07:11 GMT
22:07:18,260 INFO  ~ 7 Oct 2012 02:07:16 GMT
22:07:48,226 INFO  ~ 7 Oct 2012 02:07:21 GMT
22:07:48,229 INFO  ~ 7 Oct 2012 02:07:26 GMT
22:07:48,230 INFO  ~ 7 Oct 2012 02:07:31 GMT
22:07:48,233 INFO  ~ 7 Oct 2012 02:07:36 GMT
22:07:48,235 INFO  ~ 7 Oct 2012 02:07:41 GMT
22:08:18,400 INFO  ~ 7 Oct 2012 02:07:46 GMT
22:08:18,403 INFO  ~ 7 Oct 2012 02:07:51 GMT
22:08:18,406 INFO  ~ 7 Oct 2012 02:07:56 GMT
22:08:18,409 INFO  ~ 7 Oct 2012 02:08:01 GMT
22:08:18,411 INFO  ~ 7 Oct 2012 02:08:06 GMT
22:08:18,418 INFO  ~ 7 Oct 2012 02:08:11 GMT
22:08:48,243 INFO  ~ 7 Oct 2012 02:08:16 GMT
22:08:48,245 INFO  ~ 7 Oct 2012 02:08:21 GMT
22:08:48,247 INFO  ~ 7 Oct 2012 02:08:26 GMT
22:08:48,248 INFO  ~ 7 Oct 2012 02:08:31 GMT
22:08:48,250 INFO  ~ 7 Oct 2012 02:08:36 GMT
22:08:48,251 INFO  ~ 7 Oct 2012 02:08:41 GMT
22:09:16,486 INFO  ~ 7 Oct 2012 02:08:46 GMT
22:09:16,490 INFO  ~ 7 Oct 2012 02:08:51 GMT
22:09:16,493 INFO  ~ 7 Oct 2012 02:08:56 GMT
22:09:16,500 INFO  ~ 7 Oct 2012 02:09:01 GMT
22:09:16,503 INFO  ~ 7 Oct 2012 02:09:06 GMT
22:09:16,505 INFO  ~ 7 Oct 2012 02:09:11 GMT
22:09:48,150 INFO  ~ 7 Oct 2012 02:09:16 GMT
22:09:48,153 INFO  ~ 7 Oct 2012 02:09:21 GMT
22:09:48,155 INFO  ~ 7 Oct 2012 02:09:26 GMT
22:09:48,158 INFO  ~ 7 Oct 2012 02:09:31 GMT
22:09:48,160 INFO  ~ 7 Oct 2012 02:09:36 GMT
22:09:48,162 INFO  ~ 7 Oct 2012 02:09:41 GMT
